<?xml version="1.0" encoding="UTF-8"?>
<!-- Generated by org.testng.reporters.JUnitReportReporter -->
<testsuite hostname="DESKTOP-I2ISUJ1" failures="0" tests="3" name="oright_test.GetStartbtn_test" time="2.107" errors="0" timestamp="2024-12-04T18:31:45 IST" skipped="0">
  <testcase classname="oright_test.GetStartbtn_test" name="gettitle_oright" time="0.029"/>
  <testcase classname="oright_test.GetStartbtn_test" name="getstarted_oright" time="0.100"/>
  <testcase classname="oright_test.GetStartbtn_test" name="getlogin_oright" time="1.978"/>
</testsuite> <!-- oright_test.GetStartbtn_test -->
