<?xml version="1.0" encoding="UTF-8"?>
<!-- Generated by org.testng.reporters.JUnitReportReporter -->
<testsuite hostname="DESKTOP-I2ISUJ1" failures="0" tests="1" name="oright_test.Login_test" time="0.104" errors="0" timestamp="2024-12-04T11:35:18 IST" skipped="0">
  <testcase classname="oright_test.Login_test" name="getstarted_oright" time="0.104"/>
</testsuite> <!-- oright_test.Login_test -->
